[28-01-2025 01:11:07] [/auth/ayar_islemleri/hesap_yonetimi.php] Ä°lk veritabanÄ±na baÄŸlanÄ±ldÄ±.
[27-01-2025 23:15:02] [/.bsd_yonetim/src/css/main.css] Ä°lk veritabanÄ±na baÄŸlanÄ±ldÄ±.
[27-01-2025 23:15:02] [/bsd_yonetim/src/css/icons.php] Ä°lk veritabanÄ±na baÄŸlanÄ±ldÄ±.
[27-01-2025 23:15:03] [/font/BlackOpsOne/BlackOpsOne-Regular.woff] Ä°lk veritabanÄ±na baÄŸlanÄ±ldÄ±.
[27-01-2025 23:34:07] [/bsd_sy/custom/incdegis.php] Ä°lk veritabanÄ±na baÄŸlanÄ±ldÄ±.
[27-01-2025 23:42:42] [/siteharitasi.php] Ä°lk veritabanÄ±na baÄŸlanÄ±ldÄ±.
[27-01-2025 23:42:43] [/script.js] Ä°lk veritabanÄ±na baÄŸlanÄ±ldÄ±.
[27-01-2025 23:42:57] [/panel/panel.php] Ä°lk veritabanÄ±na baÄŸlanÄ±ldÄ±.
[27-01-2025 23:42:58] [/panel/kurucupanel/kurucupanel.php] Ä°lk veritabanÄ±na baÄŸlanÄ±ldÄ±.
[27-01-2025 23:51:22] [/panel/bsd_yonetim/src/css/bsd_main.css] Ä°lk veritabanÄ±na baÄŸlanÄ±ldÄ±.
[27-01-2025 23:51:53] [/bsd_sy/bsd_sy.php] Ä°lk veritabanÄ±na baÄŸlanÄ±ldÄ±.
[27-01-2025 23:51:55] [/bsd_sy/custom.php] Ä°lk veritabanÄ±na baÄŸlanÄ±ldÄ±.
[27-01-2025 23:59:03] [/assets/src/css/icons.php] Ä°lk veritabanÄ±na baÄŸlanÄ±ldÄ±.
[28-01-2025 00:01:40] [/bsd_yonetim/src/include/user_menu.php] Ä°lk veritabanÄ±na baÄŸlanÄ±ldÄ±.
[28-01-2025 00:01:49] [/api/mailersendapi/mailersendapi.php] Ä°lk veritabanÄ±na baÄŸlanÄ±ldÄ±.
[28-01-2025 00:05:46] [/bsd_sy/custom/kodduzenleyici.php] Ä°lk veritabanÄ±na baÄŸlanÄ±ldÄ±.
[28-01-2025 00:23:21] [/icon/assets/src/include/navisyon.php] Ä°lk veritabanÄ±na baÄŸlanÄ±ldÄ±.
[28-01-2025 05:42:32] [/font/assets/src/include/navisyon.php] Ä°lk veritabanÄ±na baÄŸlanÄ±ldÄ±.
[28-01-2025 05:42:35] [/project/assets/src/include/navisyon.php] Ä°lk veritabanÄ±na baÄŸlanÄ±ldÄ±.
[28-01-2025 05:42:39] [/tasks/assets/src/include/navisyon.php] Ä°lk veritabanÄ±na baÄŸlanÄ±ldÄ±.
[28-01-2025 05:51:49] [/assets/src/include/navigasyon.php] Ä°lk veritabanÄ±na baÄŸlanÄ±ldÄ±.
[28-01-2025 05:52:53] [/web/web.html] Ä°lk veritabanÄ±na baÄŸlanÄ±ldÄ±.
[28-01-2025 06:08:57] [/hizlidosya.php] Ä°lk veritabanÄ±na baÄŸlanÄ±ldÄ±.
[28-01-2025 06:11:47] [/panel/adminpanel/adminpanel.php] Ä°lk veritabanÄ±na baÄŸlanÄ±ldÄ±.
[28-01-2025 06:11:49] [/archive/archive_php/session.php] Ä°lk veritabanÄ±na baÄŸlanÄ±ldÄ±.
[28-01-2025 06:13:30] [/archive/archive_php/session1.php] Ä°lk veritabanÄ±na baÄŸlanÄ±ldÄ±.
[28-01-2025 06:15:02] [/bsd_sy/data.php] Ä°lk veritabanÄ±na baÄŸlanÄ±ldÄ±.
[28-01-2025 06:15:03] [/bsd_sy/data/liste.php] Ä°lk veritabanÄ±na baÄŸlanÄ±ldÄ±.
[28-01-2025 06:15:07] [/bsd_sy/data/dosyaindir.php] Ä°lk veritabanÄ±na baÄŸlanÄ±ldÄ±.
[28-01-2025 06:15:09] [/bsd_sy/data/aynisim.php] Ä°lk veritabanÄ±na baÄŸlanÄ±ldÄ±.
[28-01-2025 06:15:13] [/bsd_sy/data/uzant%C4%B1lar.php] Ä°lk veritabanÄ±na baÄŸlanÄ±ldÄ±.
[28-01-2025 06:15:17] [/bsd_sy/data/klasorsayisi.php] Ä°lk veritabanÄ±na baÄŸlanÄ±ldÄ±.
[28-01-2025 06:15:24] [/bsd_sy/data/disk_kullanimi.php] Ä°lk veritabanÄ±na baÄŸlanÄ±ldÄ±.
[28-01-2025 06:15:29] [/bsd_sy/data/uzantisayisi.php] Ä°lk veritabanÄ±na baÄŸlanÄ±ldÄ±.
[28-01-2025 06:15:30] [/webfonts/fa-solid-900.woff2] Ä°lk veritabanÄ±na baÄŸlanÄ±ldÄ±.
[28-01-2025 06:15:30] [/webfonts/fa-regular-400.woff2] Ä°lk veritabanÄ±na baÄŸlanÄ±ldÄ±.
[28-01-2025 06:15:30] [/webfonts/fa-brands-400.woff2] Ä°lk veritabanÄ±na baÄŸlanÄ±ldÄ±.
[28-01-2025 06:15:30] [/webfonts/fa-regular-400.ttf] Ä°lk veritabanÄ±na baÄŸlanÄ±ldÄ±.
[28-01-2025 06:15:30] [/webfonts/fa-solid-900.ttf] Ä°lk veritabanÄ±na baÄŸlanÄ±ldÄ±.
[28-01-2025 06:15:30] [/webfonts/fa-brands-400.ttf] Ä°lk veritabanÄ±na baÄŸlanÄ±ldÄ±.
[28-01-2025 06:15:33] [/bsd_sy/data/enbuyukenkucuk.php] Ä°lk veritabanÄ±na baÄŸlanÄ±ldÄ±.
[28-01-2025 06:15:38] [/bsd_sy/data/sonde%C4%9Fi%C5%9Fiklik.php] Ä°lk veritabanÄ±na baÄŸlanÄ±ldÄ±.
[28-01-2025 06:15:43] [/bsd_sy/data/olu%C5%9Fturulma.php] Ä°lk veritabanÄ±na baÄŸlanÄ±ldÄ±.
[28-01-2025 06:16:41] [/bsd_sy/data/agacgorunumu.php] Ä°lk veritabanÄ±na baÄŸlanÄ±ldÄ±.
[28-01-2025 06:17:01] [/bsd_sy/custom/olustur.php] Ä°lk veritabanÄ±na baÄŸlanÄ±ldÄ±.
[28-01-2025 06:17:03] [/bsd_sy/custom/silme.php] Ä°lk veritabanÄ±na baÄŸlanÄ±ldÄ±.
[28-01-2025 06:17:05] [/bsd_sy/custom/tasima.php] Ä°lk veritabanÄ±na baÄŸlanÄ±ldÄ±.
[28-01-2025 06:17:06] [/bsd_sy/custom/inckaldir.php] Ä°lk veritabanÄ±na baÄŸlanÄ±ldÄ±.
[28-01-2025 06:17:10] [/bsd_sy/custom/adduzenle.php] Ä°lk veritabanÄ±na baÄŸlanÄ±ldÄ±.
[28-01-2025 06:17:12] [/bsd_sy/custom/lang.php] Ä°lk veritabanÄ±na baÄŸlanÄ±ldÄ±.
[28-01-2025 06:17:32] [/bsd_sy/class.php] Ä°lk veritabanÄ±na baÄŸlanÄ±ldÄ±.
[28-01-2025 06:17:32] [/error/500.php] Ä°lk veritabanÄ±na baÄŸlanÄ±ldÄ±.
[28-01-2025 06:23:17] [/bsd_sy/class/iciceclass.php] Ä°lk veritabanÄ±na baÄŸlanÄ±ldÄ±.
[28-01-2025 06:23:20] [/bsd_sy/class/icondegisim.php] Ä°lk veritabanÄ±na baÄŸlanÄ±ldÄ±.
[28-01-2025 06:24:03] [/private/private.php] Ä°lk veritabanÄ±na baÄŸlanÄ±ldÄ±.
[28-01-2025 06:24:05] [/private/code//code2.php] Ä°lk veritabanÄ±na baÄŸlanÄ±ldÄ±.
[28-01-2025 06:24:05] [/private/assets/src/css/main.css] Ä°lk veritabanÄ±na baÄŸlanÄ±ldÄ±.
[28-01-2025 06:24:05] [/private/code//messages.php] Ä°lk veritabanÄ±na baÄŸlanÄ±ldÄ±.
[28-01-2025 06:24:07] [/private/code//code3.php] Ä°lk veritabanÄ±na baÄŸlanÄ±ldÄ±.
[28-01-2025 06:43:49] [/private/code//phpkodlari.php] Ä°lk veritabanÄ±na baÄŸlanÄ±ldÄ±.
[28-01-2025 06:43:49] [/private/code//script.js] Ä°lk veritabanÄ±na baÄŸlanÄ±ldÄ±.
[28-01-2025 06:46:43] [/error/error.php] Ä°lk veritabanÄ±na baÄŸlanÄ±ldÄ±.
[28-01-2025 06:46:47] [/error/401.php] Ä°lk veritabanÄ±na baÄŸlanÄ±ldÄ±.
[28-01-2025 06:56:08] [/auth/cikis_islemleri/logout.php] Ä°lk veritabanÄ±na baÄŸlanÄ±ldÄ±.
[28-01-2025 06:56:09] [/index.php] Ä°lk veritabanÄ±na baÄŸlanÄ±ldÄ±.
[28-01-2025 06:56:11] [/auth/giris_islemleri/giris.php] Ä°lk veritabanÄ±na baÄŸlanÄ±ldÄ±.
[28-01-2025 07:06:28] [/error/403.php] Ä°lk veritabanÄ±na baÄŸlanÄ±ldÄ±.
[28-01-2025 07:07:55] [/error/404.php] Ä°lk veritabanÄ±na baÄŸlanÄ±ldÄ±.
[28-01-2025 07:09:08] [/mail/eposta_gonderme/eposta_gonderme_ms.php] Ä°lk veritabanÄ±na baÄŸlanÄ±ldÄ±.
[28-01-2025 07:09:38] [/auth/auth.php] Ä°lk veritabanÄ±na baÄŸlanÄ±ldÄ±.
[28-01-2025 07:09:39] [/auth/rol_islemleri/rol_listesi.php] Ä°lk veritabanÄ±na baÄŸlanÄ±ldÄ±.
[28-01-2025 07:09:43] [/auth/kullanici_islemleri/kullan%C4%B1c%C4%B1_listesi.php] Ä°lk veritabanÄ±na baÄŸlanÄ±ldÄ±.
[28-01-2025 07:15:08] [/auth/kullanici_islemleri/pasif_kullan%C4%B1c%C4%B1_listesi.php] Ä°lk veritabanÄ±na baÄŸlanÄ±ldÄ±.
[28-01-2025 07:15:10] [/auth/kullanici_islemleri/kullan%C4%B1c%C4%B1_durumu.php] Ä°lk veritabanÄ±na baÄŸlanÄ±ldÄ±.
[28-01-2025 07:15:17] [/auth/rol_islemleri/rol_durumu.php?id=5] Ä°lk veritabanÄ±na baÄŸlanÄ±ldÄ±.
[28-01-2025 07:15:20] [/auth/kullanici_islemleri/kullanici_bankaldir.php?id=5] Ä°lk veritabanÄ±na baÄŸlanÄ±ldÄ±.
[28-01-2025 07:16:27] [/auth/kullanici_islemleri/kullanici_banla.php?id=5] Ä°lk veritabanÄ±na baÄŸlanÄ±ldÄ±.
[28-01-2025 07:17:06] [/auth/rol_islemleri/rol_durumu.php?id=6] Ä°lk veritabanÄ±na baÄŸlanÄ±ldÄ±.
[28-01-2025 07:17:08] [/auth/kullanici_islemleri/kullanici_banla.php?id=6] Ä°lk veritabanÄ±na baÄŸlanÄ±ldÄ±.
[28-01-2025 07:17:30] [/auth/preiumkullan%C4%B1c%C4%B1_islemleri/premium_kulllan%C4%B1c%C4%B1.php] Ä°lk veritabanÄ±na baÄŸlanÄ±ldÄ±.
[28-01-2025 07:17:34] [/auth/preiumkullan%C4%B1c%C4%B1_islemleri/premium_ol.php] Ä°lk veritabanÄ±na baÄŸlanÄ±ldÄ±.
[28-01-2025 07:24:47] [/assest/src/css/main.css] Ä°lk veritabanÄ±na baÄŸlanÄ±ldÄ±.
[28-01-2025 07:26:03] [/assets/assets/src/js/rol_kontrol.js] Ä°lk veritabanÄ±na baÄŸlanÄ±ldÄ±.
[28-01-2025 07:26:53] [/panel/erkekpanel/erkekpanel.php] Ä°lk veritabanÄ±na baÄŸlanÄ±ldÄ±.
[28-01-2025 07:29:42] [/web/web.php] Ä°lk veritabanÄ±na baÄŸlanÄ±ldÄ±.
[28-01-2025 09:31:01] [/mail/Sifre_Sifirla/sifre_sifirla.php] Ä°lk veritabanÄ±na baÄŸlanÄ±ldÄ±.
[28-01-2025 07:31:17] [/mail/e-posta_islemleri/kayit.php] Ä°lk veritabanÄ±na baÄŸlanÄ±ldÄ±.
[28-01-2025 09:31:20] [/mail/e-posta_islemleri/eposta_onay.php] Ä°lk veritabanÄ±na baÄŸlanÄ±ldÄ±.
[28-01-2025 07:31:20] [/mail/e-posta_islemleri/bsd_yonetim/src/css/main.css] Ä°lk veritabanÄ±na baÄŸlanÄ±ldÄ±.
[28-01-2025 09:31:23] [/mail/e-posta_islemleri/do%C4%9Frulamalink.php] Ä°lk veritabanÄ±na baÄŸlanÄ±ldÄ±.
[28-01-2025 07:32:46] [/auth/kayit_islemleri/kayit.php] Ä°lk veritabanÄ±na baÄŸlanÄ±ldÄ±.
[28-01-2025 07:32:46] [/assents/src/kontrol/bsd_form.js] Ä°lk veritabanÄ±na baÄŸlanÄ±ldÄ±.
[28-01-2025 07:35:23] [/assets/src/kontrol/bsd_kontrol.php?action=checkUsername&username=buraksariguzeldev] Ä°lk veritabanÄ±na baÄŸlanÄ±ldÄ±.
[28-01-2025 07:35:29] [/assets/src/kontrol/bsd_kontrol.php?action=checkUsername&username=buraksariguzeldevt] Ä°lk veritabanÄ±na baÄŸlanÄ±ldÄ±.
[28-01-2025 07:35:29] [/assets/src/kontrol/bsd_kontrol.php?action=checkUsername&username=buraksariguzeldevte] Ä°lk veritabanÄ±na baÄŸlanÄ±ldÄ±.
[28-01-2025 07:35:29] [/assets/src/kontrol/bsd_kontrol.php?action=checkUsername&username=buraksariguzeldevtes] Ä°lk veritabanÄ±na baÄŸlanÄ±ldÄ±.
[28-01-2025 07:35:29] [/assets/src/kontrol/bsd_kontrol.php?action=checkUsername&username=buraksariguzeldevtest] Ä°lk veritabanÄ±na baÄŸlanÄ±ldÄ±.
[28-01-2025 07:35:51] [/assets/src/kontrol/bsd_kontrol.php?action=checkEmail&email=xdeanserver%40gmail.com] Ä°lk veritabanÄ±na baÄŸlanÄ±ldÄ±.
[28-01-2025 09:37:12] [/mail/e-posta_islemleri/eposta_dogrulama.php] Ä°lk veritabanÄ±na baÄŸlanÄ±ldÄ±.
[28-01-2025 09:32:18] [/auth/profil_islemleri/profile.php] Ä°lk veritabanÄ±na baÄŸlanÄ±ldÄ±.
[28-01-2025 09:36:35] [/favicon.ico] Ä°lk veritabanÄ±na baÄŸlanÄ±ldÄ±.
[28-01-2025 09:42:56] [/bsd_sy/custom/de%C4%9Fi%C5%9Fken_duzenle.php] Ä°lk veritabanÄ±na baÄŸlanÄ±ldÄ±.
[28-01-2025 10:02:14] [/assets/src/kontrol/bsd_kontrol.php?action=checkUsername&username=buraksariguzeldevy] Ä°lk veritabanÄ±na baÄŸlanÄ±ldÄ±.
[28-01-2025 10:02:20] [/assets/src/kontrol/bsd_kontrol.php?action=checkUsername&username=buraksariguzeldevtest1] Ä°lk veritabanÄ±na baÄŸlanÄ±ldÄ±.
[28-01-2025 10:02:29] [/mail/eposta_dogrulama/eposta_dogrulama.php] Ä°lk veritabanÄ±na baÄŸlanÄ±ldÄ±.
[28-01-2025 10:09:53] [/kay%C4%B1t/bekleme.php] Ä°lk veritabanÄ±na baÄŸlanÄ±ldÄ±.
[28-01-2025 10:46:12] [/assets/src/kontrol/bsd_kontrol.php?action=checkEmail&email=duvlang%40libinit.com] Ä°lk veritabanÄ±na baÄŸlanÄ±ldÄ±.
[28-01-2025 11:05:10] [/assets/src/kontrol/bsd_kontrol.php?action=checkEmail&email=noreply%40trial-3zxk54v2km1ljy6v.mlsender.net] Ä°lk veritabanÄ±na baÄŸlanÄ±ldÄ±.
[28-01-2025 13:02:08] [/assets/src/kontrol/bsd_kontrol.php?action=checkUsername&username=buraksariguzeldevtest2] Ä°lk veritabanÄ±na baÄŸlanÄ±ldÄ±.
[28-01-2025 13:02:11] [/assets/src/kontrol/bsd_kontrol.php?action=checkEmail&email=buraksariguzel20%40gmail.com] Ä°lk veritabanÄ±na baÄŸlanÄ±ldÄ±.
[28-01-2025 13:02:15] [/assets/src/kontrol/bsd_kontrol.php?action=checkEmail&email=buraksariguzel20%40gmail.com.] Ä°lk veritabanÄ±na baÄŸlanÄ±ldÄ±.
[28-01-2025 13:02:15] [/assets/src/kontrol/bsd_kontrol.php?action=checkEmail&email=buraksariguzel20%40gmail.com.t] Ä°lk veritabanÄ±na baÄŸlanÄ±ldÄ±.
[28-01-2025 13:02:15] [/assets/src/kontrol/bsd_kontrol.php?action=checkEmail&email=buraksariguzel20%40gmail.com.tr] Ä°lk veritabanÄ±na baÄŸlanÄ±ldÄ±.
[28-01-2025 13:02:42] [/assets/src/kontrol/bsd_kontrol.php?action=checkEmail&email=buraksariguzel2%40gmail.com] Ä°lk veritabanÄ±na baÄŸlanÄ±ldÄ±.
[28-01-2025 13:02:42] [/assets/src/kontrol/bsd_kontrol.php?action=checkEmail&email=buraksariguzel21%40gmail.com] Ä°lk veritabanÄ±na baÄŸlanÄ±ldÄ±.
[28-01-2025 13:03:06] [/assets/src/kontrol/bsd_kontrol.php?action=checkEmail&email=buraksariguzel0%40gmail.com] Ä°lk veritabanÄ±na baÄŸlanÄ±ldÄ±.
[28-01-2025 13:15:35] [/assets/src/kontrol/bsd_kontrol.php?action=checkUsername&username=buraksariguzeldevtest3] Ä°lk veritabanÄ±na baÄŸlanÄ±ldÄ±.
[28-01-2025 13:15:43] [/assets/src/kontrol/bsd_kontrol.php?action=checkEmail&email=xdeanserve1r%40gmail.com] Ä°lk veritabanÄ±na baÄŸlanÄ±ldÄ±.
[28-01-2025 13:35:11] [/assets/src/kontrol/bsd_kontrol.php?action=checkUsername&username=buraksariguzeldevtest4] Ä°lk veritabanÄ±na baÄŸlanÄ±ldÄ±.
[28-01-2025 13:35:16] [/assets/src/kontrol/bsd_kontrol.php?action=checkEmail&email=xdeanserverr%40gmail.com] Ä°lk veritabanÄ±na baÄŸlanÄ±ldÄ±.
[28-01-2025 13:42:51] [/assets/src/kontrol/bsd_kontrol.php?action=checkUsername&username=buraksariguzeldevtest5] Ä°lk veritabanÄ±na baÄŸlanÄ±ldÄ±.
[28-01-2025 13:42:57] [/assets/src/kontrol/bsd_kontrol.php?action=checkEmail&email=xdeanserver5%40gmail.com] Ä°lk veritabanÄ±na baÄŸlanÄ±ldÄ±.
[28-01-2025 13:50:03] [/assets/src/kontrol/bsd_kontrol.php?action=checkUsername&username=buraksariguzeldevtest6] Ä°lk veritabanÄ±na baÄŸlanÄ±ldÄ±.
[28-01-2025 13:50:10] [/assets/src/kontrol/bsd_kontrol.php?action=checkEmail&email=buraksariguzel40%40gmail.com] Ä°lk veritabanÄ±na baÄŸlanÄ±ldÄ±.
[28-01-2025 14:05:10] [/assets/src/kontrol/bsd_kontrol.php?action=checkEmail&email=xdeanserveer%40gmail.com] Ä°lk veritabanÄ±na baÄŸlanÄ±ldÄ±.
[28-01-2025 14:26:15] [/] Ä°lk veritabanÄ±na baÄŸlanÄ±rken hata oluÅŸtu: SQLSTATE[HY000] [1049] Unknown database 'bsdev'
[28-01-2025 14:26:15] [/] Ä°kinci veritabanÄ±na baÄŸlanÄ±rken hata oluÅŸtu: SQLSTATE[HY000] [2002] php_network_getaddresses: getaddrinfo for sql111.infinityfree.com failed: No address associated with hostname
[28-01-2025 17:45:54] [/auth/ayar_islemleri/guvenlik.php] Ä°lk veritabanÄ±na baÄŸlanÄ±ldÄ±.
[28-01-2025 17:45:54] [/bsd_yonetim/src/kontrol/bsd_form.js] Ä°lk veritabanÄ±na baÄŸlanÄ±ldÄ±.
[28-01-2025 17:48:47] [/auth/ayar_islemleri/profil_duzenle.php] Ä°lk veritabanÄ±na baÄŸlanÄ±ldÄ±.
[28-01-2025 17:50:41] [/mail/sifre_sifirla.php] Ä°lk veritabanÄ±na baÄŸlanÄ±ldÄ±.
[29-01-2025 03:43:33] [/data/custom/a_href.php?i=1] Ä°lk veritabanÄ±na baÄŸlanÄ±rken hata oluÅŸtu: SQLSTATE[HY000] [2002] No such file or directory
[29-01-2025 03:43:33] [/data/custom/a_href.php?i=1] Ä°kinci veritabanÄ±na baÄŸlanÄ±ldÄ±.
[29-01-2025 03:43:35] [/assets/src/css/icons.php] Ä°lk veritabanÄ±na baÄŸlanÄ±rken hata oluÅŸtu: SQLSTATE[HY000] [2002] No such file or directory
[29-01-2025 03:43:35] [/assets/src/css/icons.php] Ä°kinci veritabanÄ±na baÄŸlanÄ±ldÄ±.
[29-01-2025 03:43:35] [/.bsd_yonetim/src/css/main.css] Ä°lk veritabanÄ±na baÄŸlanÄ±rken hata oluÅŸtu: SQLSTATE[HY000] [2002] No such file or directory
[29-01-2025 03:43:35] [/.bsd_yonetim/src/css/main.css] Ä°kinci veritabanÄ±na baÄŸlanÄ±ldÄ±.
[29-01-2025 03:43:38] [/auth/giris_islemleri/giris.php] Ä°lk veritabanÄ±na baÄŸlanÄ±rken hata oluÅŸtu: SQLSTATE[HY000] [2002] No such file or directory
[29-01-2025 03:43:38] [/auth/giris_islemleri/giris.php] Ä°kinci veritabanÄ±na baÄŸlanÄ±ldÄ±.
[29-01-2025 03:43:38] [/bsd_yonetim/src/css/main.css] Ä°lk veritabanÄ±na baÄŸlanÄ±rken hata oluÅŸtu: SQLSTATE[HY000] [2002] No such file or directory
[29-01-2025 03:43:38] [/bsd_yonetim/src/css/main.css] Ä°kinci veritabanÄ±na baÄŸlanÄ±ldÄ±.
[29-01-2025 03:43:41] [/font/BlackOpsOne/BlackOpsOne-Regular.woff] Ä°lk veritabanÄ±na baÄŸlanÄ±rken hata oluÅŸtu: SQLSTATE[HY000] [2002] No such file or directory
[29-01-2025 03:43:41] [/font/BlackOpsOne/BlackOpsOne-Regular.woff] Ä°kinci veritabanÄ±na baÄŸlanÄ±ldÄ±.
[29-01-2025 03:43:44] [/web/web.php] Ä°lk veritabanÄ±na baÄŸlanÄ±rken hata oluÅŸtu: SQLSTATE[HY000] [2002] No such file or directory
[29-01-2025 03:43:44] [/web/web.php] Ä°kinci veritabanÄ±na baÄŸlanÄ±ldÄ±.
[29-01-2025 06:31:23] [/robots.txt] Ä°lk veritabanÄ±na baÄŸlanÄ±rken hata oluÅŸtu: SQLSTATE[HY000] [2002] No such file or directory
[29-01-2025 06:31:23] [/robots.txt] Ä°kinci veritabanÄ±na baÄŸlanÄ±ldÄ±.
[29-01-2025 06:33:16] [/favicon.ico] Ä°lk veritabanÄ±na baÄŸlanÄ±rken hata oluÅŸtu: SQLSTATE[HY000] [2002] No such file or directory
[29-01-2025 06:33:16] [/favicon.ico] Ä°kinci veritabanÄ±na baÄŸlanÄ±ldÄ±.
[29-01-2025 06:56:26] [/?i=1] Ä°lk veritabanÄ±na baÄŸlanÄ±rken hata oluÅŸtu: SQLSTATE[HY000] [2002] No such file or directory
[29-01-2025 06:56:26] [/?i=1] Ä°kinci veritabanÄ±na baÄŸlanÄ±ldÄ±.
[29-01-2025 07:03:22] [/siteharitasi.php] Ä°lk veritabanÄ±na baÄŸlanÄ±rken hata oluÅŸtu: SQLSTATE[HY000] [2002] No such file or directory
[29-01-2025 07:03:22] [/siteharitasi.php] Ä°kinci veritabanÄ±na baÄŸlanÄ±ldÄ±.
[29-01-2025 07:03:22] [/script.js] Ä°lk veritabanÄ±na baÄŸlanÄ±rken hata oluÅŸtu: SQLSTATE[HY000] [2002] No such file or directory
[29-01-2025 07:03:22] [/script.js] Ä°kinci veritabanÄ±na baÄŸlanÄ±ldÄ±.
[29-01-2025 07:03:25] [/panel/panel.php] Ä°lk veritabanÄ±na baÄŸlanÄ±rken hata oluÅŸtu: SQLSTATE[HY000] [2002] No such file or directory
[29-01-2025 07:03:25] [/panel/panel.php] Ä°kinci veritabanÄ±na baÄŸlanÄ±ldÄ±.
[29-01-2025 07:03:26] [/panel/adminpanel/adminpanel.php] Ä°lk veritabanÄ±na baÄŸlanÄ±rken hata oluÅŸtu: SQLSTATE[HY000] [2002] No such file or directory
[29-01-2025 07:03:26] [/panel/adminpanel/adminpanel.php] Ä°kinci veritabanÄ±na baÄŸlanÄ±ldÄ±.
[29-01-2025 07:03:28] [/assets/src/include/navigasyon.php] Ä°lk veritabanÄ±na baÄŸlanÄ±rken hata oluÅŸtu: SQLSTATE[HY000] [2002] No such file or directory
[29-01-2025 07:03:28] [/assets/src/include/navigasyon.php] Ä°kinci veritabanÄ±na baÄŸlanÄ±ldÄ±.
[29-01-2025 07:03:29] [/archive/archive_php/session.php] Ä°lk veritabanÄ±na baÄŸlanÄ±rken hata oluÅŸtu: SQLSTATE[HY000] [2002] No such file or directory
[29-01-2025 07:03:29] [/archive/archive_php/session.php] Ä°kinci veritabanÄ±na baÄŸlanÄ±ldÄ±.
[29-01-2025 07:03:29] [/bsd_yonetim/src/js/rol_kontrol.js] Ä°lk veritabanÄ±na baÄŸlanÄ±rken hata oluÅŸtu: SQLSTATE[HY000] [2002] No such file or directory
[29-01-2025 07:03:29] [/bsd_yonetim/src/js/rol_kontrol.js] Ä°kinci veritabanÄ±na baÄŸlanÄ±ldÄ±.
[29-01-2025 07:03:32] [/assest/src/css/main.css] Ä°lk veritabanÄ±na baÄŸlanÄ±rken hata oluÅŸtu: SQLSTATE[HY000] [2002] No such file or directory
[29-01-2025 07:03:32] [/assest/src/css/main.css] Ä°kinci veritabanÄ±na baÄŸlanÄ±ldÄ±.
[29-01-2025 07:03:32] [/assets/assets/src/js/rol_kontrol.js] Ä°lk veritabanÄ±na baÄŸlanÄ±rken hata oluÅŸtu: SQLSTATE[HY000] [2002] No such file or directory
[29-01-2025 07:03:32] [/assets/assets/src/js/rol_kontrol.js] Ä°kinci veritabanÄ±na baÄŸlanÄ±ldÄ±.
[29-01-2025 07:42:26] [/googlebeb323505ffa42a3.html] Ä°lk veritabanÄ±na baÄŸlanÄ±rken hata oluÅŸtu: SQLSTATE[HY000] [2002] No such file or directory
[29-01-2025 07:42:26] [/googlebeb323505ffa42a3.html] Ä°kinci veritabanÄ±na baÄŸlanÄ±ldÄ±.
[29-01-2025 07:42:26] [/googleefe59345aaa9cab0.html] Ä°lk veritabanÄ±na baÄŸlanÄ±rken hata oluÅŸtu: SQLSTATE[HY000] [2002] No such file or directory
[29-01-2025 07:42:26] [/googleefe59345aaa9cab0.html] Ä°kinci veritabanÄ±na baÄŸlanÄ±ldÄ±.
[29-01-2025 07:42:26] [/?cachebuster=1545457756] Ä°lk veritabanÄ±na baÄŸlanÄ±rken hata oluÅŸtu: SQLSTATE[HY000] [2002] No such file or directory
[29-01-2025 07:42:26] [/?cachebuster=1545457756] Ä°kinci veritabanÄ±na baÄŸlanÄ±ldÄ±.
[29-01-2025 08:24:03] [/sitemap.php] Ä°lk veritabanÄ±na baÄŸlanÄ±rken hata oluÅŸtu: SQLSTATE[HY000] [2002] No such file or directory
[29-01-2025 08:24:03] [/sitemap.php] Ä°kinci veritabanÄ±na baÄŸlanÄ±ldÄ±.
[29-01-2025 08:27:25] [/sitemap.xml] Ä°lk veritabanÄ±na baÄŸlanÄ±rken hata oluÅŸtu: SQLSTATE[HY000] [2002] No such file or directory
[29-01-2025 08:27:25] [/sitemap.xml] Ä°kinci veritabanÄ±na baÄŸlanÄ±ldÄ±.
[29-01-2025 08:27:53] [/sitemap.xmll] Ä°lk veritabanÄ±na baÄŸlanÄ±rken hata oluÅŸtu: SQLSTATE[HY000] [2002] No such file or directory
[29-01-2025 08:27:53] [/sitemap.xmll] Ä°kinci veritabanÄ±na baÄŸlanÄ±ldÄ±.
[29-01-2025 08:38:26] [/robots.php?i=1] Ä°lk veritabanÄ±na baÄŸlanÄ±rken hata oluÅŸtu: SQLSTATE[HY000] [2002] No such file or directory
[29-01-2025 08:38:26] [/robots.php?i=1] Ä°kinci veritabanÄ±na baÄŸlanÄ±ldÄ±.
[29-01-2025 16:05:57] [/index.php] Ä°lk veritabanÄ±na baÄŸlanÄ±rken hata oluÅŸtu: SQLSTATE[HY000] [2002] Connection refused
[29-01-2025 16:05:57] [/index.php] Ä°kinci veritabanÄ±na baÄŸlanÄ±rken hata oluÅŸtu: SQLSTATE[HY000] [2002] php_network_getaddresses: getaddrinfo for sql111.infinityfree.com failed: No address associated with hostname
[29-01-2025 16:05:57] [/.bsd_yonetim/src/css/main.css] Ä°lk veritabanÄ±na baÄŸlanÄ±rken hata oluÅŸtu: SQLSTATE[HY000] [2002] Connection refused
[29-01-2025 16:05:57] [/.bsd_yonetim/src/css/main.css] Ä°kinci veritabanÄ±na baÄŸlanÄ±rken hata oluÅŸtu: SQLSTATE[HY000] [2002] php_network_getaddresses: getaddrinfo for sql111.infinityfree.com failed: No address associated with hostname
[29-01-2025 16:05:57] [/assets/src/css/icons.php] Ä°lk veritabanÄ±na baÄŸlanÄ±rken hata oluÅŸtu: SQLSTATE[HY000] [2002] Connection refused
[29-01-2025 16:05:57] [/assets/src/css/icons.php] Ä°kinci veritabanÄ±na baÄŸlanÄ±rken hata oluÅŸtu: SQLSTATE[HY000] [2002] php_network_getaddresses: getaddrinfo for sql111.infinityfree.com failed: No address associated with hostname
[29-01-2025 16:49:44] [/bsd_yonetim/src/js/rol_kontrol.js] Ä°lk veritabanÄ±na baÄŸlanÄ±ldÄ±.
[29-01-2025 16:51:11] [/font/font.php] Ä°lk veritabanÄ±na baÄŸlanÄ±ldÄ±.
[29-01-2025 17:02:48] [/tasks/tasks.html] Ä°lk veritabanÄ±na baÄŸlanÄ±ldÄ±.
[29-01-2025 17:04:53] [/tasks/tasks.php] Ä°lk veritabanÄ±na baÄŸlanÄ±ldÄ±.
[29-01-2025 17:07:07] [/tasks/task/task1.php] Ä°lk veritabanÄ±na baÄŸlanÄ±ldÄ±.
[29-01-2025 19:29:24] [/tasks/task/task2.php] Ä°lk veritabanÄ±na baÄŸlanÄ±ldÄ±.
[29-01-2025 19:31:57] [/icon/icon.php] Ä°lk veritabanÄ±na baÄŸlanÄ±ldÄ±.
[29-01-2025 19:44:44] [/project/project.php] Ä°lk veritabanÄ±na baÄŸlanÄ±ldÄ±.
[29-01-2025 20:02:22] [/project/1.Zamanhesaplama/zamanhesap.html] Ä°lk veritabanÄ±na baÄŸlanÄ±ldÄ±.
[29-01-2025 20:02:42] [/project/1.Zamanhesaplama/zamanhesap.php] Ä°lk veritabanÄ±na baÄŸlanÄ±ldÄ±.
[29-01-2025 20:14:40] [/project/1.Zamanhesaplama/zamanhesap.php?delete=0] Ä°lk veritabanÄ±na baÄŸlanÄ±ldÄ±.
[29-01-2025 20:38:30] [/archive/archive.php] Ä°lk veritabanÄ±na baÄŸlanÄ±ldÄ±.
[29-01-2025 20:54:53] [/archive/archive_html/emmet.php] Ä°lk veritabanÄ±na baÄŸlanÄ±ldÄ±.
[29-01-2025 20:58:12] [/archive/archive_html/ozelkrakter.php] Ä°lk veritabanÄ±na baÄŸlanÄ±ldÄ±.
[29-01-2025 21:17:37] [/assets/src/config/config.php] Ä°lk veritabanÄ±na baÄŸlanÄ±ldÄ±.
[29-01-2025 21:17:41] [/assets/src/config/vt_baglanti.php] Ä°lk veritabanÄ±na baÄŸlanÄ±ldÄ±.
[30-01-2025 11:28:35] [/ads.txt] Ä°lk veritabanÄ±na baÄŸlanÄ±rken hata oluÅŸtu: SQLSTATE[HY000] [2002] No such file or directory
[30-01-2025 11:28:35] [/ads.txt] Ä°kinci veritabanÄ±na baÄŸlanÄ±ldÄ±.
[31-01-2025 09:06:26] [/auth/rol_islemleri/rol_durumu.php?id=1] Ä°lk veritabanÄ±na baÄŸlanÄ±ldÄ±.
[31-01-2025 09:24:29] [/modules/modules.php] Ä°lk veritabanÄ±na baÄŸlanÄ±ldÄ±.
[01-02-2025 00:54:37] [/modules/data.php] Ä°lk veritabanÄ±na baÄŸlanÄ±ldÄ±.
[01-02-2025 12:21:00] [/modules/custom.php] Ä°lk veritabanÄ±na baÄŸlanÄ±ldÄ±.
[01-02-2025 12:21:06] [/modules/class.php] Ä°lk veritabanÄ±na baÄŸlanÄ±ldÄ±.
[01-02-2025 13:43:13] [/modules/data/data.php] Ä°lk veritabanÄ±na baÄŸlanÄ±ldÄ±.
[01-02-2025 13:46:01] [/modules/data/liste.php] Ä°lk veritabanÄ±na baÄŸlanÄ±ldÄ±.
[01-02-2025 13:46:10] [/modules/data/dosyaindir.php] Ä°lk veritabanÄ±na baÄŸlanÄ±ldÄ±.
[01-02-2025 13:46:12] [/modules/data/aynisim.php] Ä°lk veritabanÄ±na baÄŸlanÄ±ldÄ±.
[01-02-2025 13:46:14] [/modules/data/uzant%C4%B1lar.php] Ä°lk veritabanÄ±na baÄŸlanÄ±ldÄ±.
[01-02-2025 13:46:16] [/modules/data/klasorsayisi.php] Ä°lk veritabanÄ±na baÄŸlanÄ±ldÄ±.
[01-02-2025 13:46:19] [/modules/data/agacgorunumu.php] Ä°lk veritabanÄ±na baÄŸlanÄ±ldÄ±.
[01-02-2025 13:46:21] [/modules/data/olu%C5%9Fturulma.php] Ä°lk veritabanÄ±na baÄŸlanÄ±ldÄ±.
[01-02-2025 13:46:27] [/modules/data/sonde%C4%9Fi%C5%9Fiklik.php] Ä°lk veritabanÄ±na baÄŸlanÄ±ldÄ±.
[01-02-2025 15:58:31] [/login.php] Ä°lk veritabanÄ±na baÄŸlanÄ±ldÄ±.
[01-02-2025 15:59:27] [/modules/data/disk_kullanimi.php] Ä°lk veritabanÄ±na baÄŸlanÄ±ldÄ±.
[01-02-2025 15:59:32] [/modules/data/uzantisayisi.php] Ä°lk veritabanÄ±na baÄŸlanÄ±ldÄ±.
[01-02-2025 15:59:35] [/modules/data/enbuyukenkucuk.php] Ä°lk veritabanÄ±na baÄŸlanÄ±ldÄ±.
[01-02-2025 18:59:36] [/modules/custom/custom.php] Ä°lk veritabanÄ±na baÄŸlanÄ±ldÄ±.
[01-02-2025 18:59:40] [/modules/custom/olustur.php] Ä°lk veritabanÄ±na baÄŸlanÄ±ldÄ±.
[01-02-2025 19:01:22] [/modules/custom/silme.php] Ä°lk veritabanÄ±na baÄŸlanÄ±ldÄ±.
[01-02-2025 19:01:50] [/modules/custom/tasima.php] Ä°lk veritabanÄ±na baÄŸlanÄ±ldÄ±.
[01-02-2025 19:01:54] [/modules/custom/inckaldir.php] Ä°lk veritabanÄ±na baÄŸlanÄ±ldÄ±.
[01-02-2025 19:01:57] [/modules/custom/incdegis.php] Ä°lk veritabanÄ±na baÄŸlanÄ±ldÄ±.
[01-02-2025 19:01:59] [/modules/custom/adduzenle.php] Ä°lk veritabanÄ±na baÄŸlanÄ±ldÄ±.
[01-02-2025 19:03:14] [/modules/custom/kodduzenleyici.php] Ä°lk veritabanÄ±na baÄŸlanÄ±ldÄ±.
[01-02-2025 19:05:09] [/assets/src/css/bootstrap.css] Ä°lk veritabanÄ±na baÄŸlanÄ±ldÄ±.
[01-02-2025 19:05:09] [/img/bsd_soft%20(2).png] Ä°lk veritabanÄ±na baÄŸlanÄ±ldÄ±.
[01-02-2025 19:07:14] [/modules/custom/lang.php] Ä°lk veritabanÄ±na baÄŸlanÄ±ldÄ±.
[01-02-2025 19:07:34] [/modules/custom/de%C4%9Fi%C5%9Fken_duzenle.php] Ä°lk veritabanÄ±na baÄŸlanÄ±ldÄ±.
[01-02-2025 19:07:40] [/modules/class/class.php] Ä°lk veritabanÄ±na baÄŸlanÄ±ldÄ±.
[01-02-2025 19:07:41] [/modules/class/iciceclass.php] Ä°lk veritabanÄ±na baÄŸlanÄ±ldÄ±.
[01-02-2025 19:07:43] [/modules/class/icondegisim.php] Ä°lk veritabanÄ±na baÄŸlanÄ±ldÄ±.
[01-02-2025 19:12:04] [/private/assets/src/css/bootstrap.css] Ä°lk veritabanÄ±na baÄŸlanÄ±ldÄ±.
[01-02-2025 13:57:25] [/assets/src/css/bootstrap.css] Ä°lk veritabanÄ±na baÄŸlanÄ±rken hata oluÅŸtu: SQLSTATE[HY000] [2002] No such file or directory
[01-02-2025 13:57:25] [/assets/src/css/bootstrap.css] Ä°kinci veritabanÄ±na baÄŸlanÄ±ldÄ±.
[01-02-2025 13:57:28] [/auth/cikis_islemleri/logout.php] Ä°lk veritabanÄ±na baÄŸlanÄ±rken hata oluÅŸtu: SQLSTATE[HY000] [2002] No such file or directory
[01-02-2025 13:57:28] [/auth/cikis_islemleri/logout.php] Ä°kinci veritabanÄ±na baÄŸlanÄ±ldÄ±.
[01-02-2025 13:57:28] [/index.php] Ä°lk veritabanÄ±na baÄŸlanÄ±rken hata oluÅŸtu: SQLSTATE[HY000] [2002] No such file or directory
[01-02-2025 13:57:28] [/index.php] Ä°kinci veritabanÄ±na baÄŸlanÄ±ldÄ±.
[01-02-2025 13:57:31] [/auth/kayit_islemleri/kayit.php] Ä°lk veritabanÄ±na baÄŸlanÄ±rken hata oluÅŸtu: SQLSTATE[HY000] [2002] No such file or directory
[01-02-2025 13:57:31] [/auth/kayit_islemleri/kayit.php] Ä°kinci veritabanÄ±na baÄŸlanÄ±ldÄ±.
[01-02-2025 13:57:33] [/index.php?i=1] Ä°lk veritabanÄ±na baÄŸlanÄ±rken hata oluÅŸtu: SQLSTATE[HY000] [2002] No such file or directory
[01-02-2025 13:57:33] [/index.php?i=1] Ä°kinci veritabanÄ±na baÄŸlanÄ±ldÄ±.
[01-02-2025 22:27:48] [/archive/archive_html/ozelkrakter.html] Ä°lk veritabanÄ±na baÄŸlanÄ±rken hata oluÅŸtu: SQLSTATE[HY000] [2002] No such file or directory
[01-02-2025 22:27:48] [/archive/archive_html/ozelkrakter.html] Ä°kinci veritabanÄ±na baÄŸlanÄ±ldÄ±.
[07-02-2025 14:38:55] [/img/bsd_soft%20(2).png] Ä°lk veritabanÄ±na baÄŸlanÄ±rken hata oluÅŸtu: SQLSTATE[HY000] [2002] No such file or directory
[07-02-2025 14:38:55] [/img/bsd_soft%20(2).png] Ä°kinci veritabanÄ±na baÄŸlanÄ±ldÄ±.
[07-02-2025 15:04:41] [/.well-known/traffic-advice] Ä°lk veritabanÄ±na baÄŸlanÄ±rken hata oluÅŸtu: SQLSTATE[HY000] [2002] No such file or directory
[07-02-2025 15:04:41] [/.well-known/traffic-advice] Ä°kinci veritabanÄ±na baÄŸlanÄ±ldÄ±.
[17-02-2025 06:17:39] [/assests/src/css/main.css] Ä°lk veritabanÄ±na baÄŸlanÄ±rken hata oluÅŸtu: SQLSTATE[HY000] [2002] No such file or directory
[17-02-2025 06:17:39] [/assests/src/css/main.css] Ä°kinci veritabanÄ±na baÄŸlanÄ±ldÄ±.
[17-02-2025 06:17:39] [/assests/assets/src/css/main.css] Ä°lk veritabanÄ±na baÄŸlanÄ±rken hata oluÅŸtu: SQLSTATE[HY000] [2002] No such file or directory
[17-02-2025 06:17:39] [/assests/assets/src/css/main.css] Ä°kinci veritabanÄ±na baÄŸlanÄ±ldÄ±.
[18-02-2025 08:17:28] [/panel/erkekpanel/erkekpanel.php] Ä°lk veritabanÄ±na baÄŸlanÄ±rken hata oluÅŸtu: SQLSTATE[HY000] [2002] No such file or directory
[18-02-2025 08:17:28] [/panel/erkekpanel/erkekpanel.php] Ä°kinci veritabanÄ±na baÄŸlanÄ±ldÄ±.
[19-02-2025 03:54:45] [/project/1.Zamanhesaplama/zamanhesap.html] Ä°lk veritabanÄ±na baÄŸlanÄ±rken hata oluÅŸtu: SQLSTATE[HY000] [2002] No such file or directory
[19-02-2025 03:54:45] [/project/1.Zamanhesaplama/zamanhesap.html] Ä°kinci veritabanÄ±na baÄŸlanÄ±ldÄ±.
[12-03-2025 09:21:13] [/panel/kadinpanel/kadinpanel.php] Ä°lk veritabanÄ±na baÄŸlanÄ±ldÄ±.
[12-03-2025 11:44:07] [/game/lego_oyunu.php] Ä°lk veritabanÄ±na baÄŸlanÄ±ldÄ±.
[12-03-2025 10:01:51] [/game/reset.php] Ä°lk veritabanÄ±na baÄŸlanÄ±ldÄ±.
[22-03-2025 16:10:55] [/auth/giris_islemleri/giris.php?i=1] Ä°lk veritabanÄ±na baÄŸlanÄ±rken hata oluÅŸtu: SQLSTATE[HY000] [2002] No such file or directory
[22-03-2025 16:10:55] [/auth/giris_islemleri/giris.php?i=1] Ä°kinci veritabanÄ±na baÄŸlanÄ±ldÄ±.
[22-03-2025 16:11:01] [/siteharitasi.php?i=1] Ä°lk veritabanÄ±na baÄŸlanÄ±rken hata oluÅŸtu: SQLSTATE[HY000] [2002] No such file or directory
[22-03-2025 16:11:01] [/siteharitasi.php?i=1] Ä°kinci veritabanÄ±na baÄŸlanÄ±ldÄ±.
[22-03-2025 16:11:03] [/panel/kurucupanel/kurucupanel.php] Ä°lk veritabanÄ±na baÄŸlanÄ±rken hata oluÅŸtu: SQLSTATE[HY000] [2002] No such file or directory
[22-03-2025 16:11:03] [/panel/kurucupanel/kurucupanel.php] Ä°kinci veritabanÄ±na baÄŸlanÄ±ldÄ±.
[22-03-2025 16:11:11] [/panel/panel.php?i=1] Ä°lk veritabanÄ±na baÄŸlanÄ±rken hata oluÅŸtu: SQLSTATE[HY000] [2002] No such file or directory
[22-03-2025 16:11:11] [/panel/panel.php?i=1] Ä°kinci veritabanÄ±na baÄŸlanÄ±ldÄ±.
[22-03-2025 16:11:20] [/hizlidosya.php] Ä°lk veritabanÄ±na baÄŸlanÄ±rken hata oluÅŸtu: SQLSTATE[HY000] [2002] No such file or directory
[22-03-2025 16:11:20] [/hizlidosya.php] Ä°kinci veritabanÄ±na baÄŸlanÄ±ldÄ±.
[22-03-2025 16:11:27] [/game/lego_oyunu.php] Ä°lk veritabanÄ±na baÄŸlanÄ±rken hata oluÅŸtu: SQLSTATE[HY000] [2002] No such file or directory
[22-03-2025 16:11:27] [/game/lego_oyunu.php] Ä°kinci veritabanÄ±na baÄŸlanÄ±ldÄ±.
[23-03-2025 10:48:23] [/game/lego_oyunu.php?i=1] Ä°lk veritabanÄ±na baÄŸlanÄ±rken hata oluÅŸtu: SQLSTATE[HY000] [2002] No such file or directory
[23-03-2025 10:48:23] [/game/lego_oyunu.php?i=1] Ä°kinci veritabanÄ±na baÄŸlanÄ±ldÄ±.
[23-03-2025 11:26:24] [/game/reset.php] Ä°lk veritabanÄ±na baÄŸlanÄ±rken hata oluÅŸtu: SQLSTATE[HY000] [2002] No such file or directory
[23-03-2025 11:26:24] [/game/reset.php] Ä°kinci veritabanÄ±na baÄŸlanÄ±ldÄ±.
[26-03-2025 08:20:09] [/auth/giris_islemleri/img/bsd_logo.png] Ä°lk veritabanÄ±na baÄŸlanÄ±rken hata oluÅŸtu: SQLSTATE[HY000] [2002] No such file or directory
[26-03-2025 08:20:09] [/auth/giris_islemleri/img/bsd_logo.png] Ä°kinci veritabanÄ±na baÄŸlanÄ±ldÄ±.
[26-03-2025 08:20:09] [/auth/giris_islemleri/img/bsd_soft%20(2).png] Ä°lk veritabanÄ±na baÄŸlanÄ±rken hata oluÅŸtu: SQLSTATE[HY000] [2002] No such file or directory
[26-03-2025 08:20:10] [/auth/giris_islemleri/img/bsd_soft%20(2).png] Ä°kinci veritabanÄ±na baÄŸlanÄ±ldÄ±.
[26-03-2025 08:20:20] [/mail/eposta_gonderme/eposta_gonderme_ms.php] Ä°lk veritabanÄ±na baÄŸlanÄ±rken hata oluÅŸtu: SQLSTATE[HY000] [2002] No such file or directory
[26-03-2025 08:20:20] [/mail/eposta_gonderme/eposta_gonderme_ms.php] Ä°kinci veritabanÄ±na baÄŸlanÄ±ldÄ±.
[26-03-2025 08:20:20] [/mail/eposta_gonderme/img/bsd_logo.png] Ä°lk veritabanÄ±na baÄŸlanÄ±rken hata oluÅŸtu: SQLSTATE[HY000] [2002] No such file or directory
[26-03-2025 08:20:20] [/mail/eposta_gonderme/img/bsd_logo.png] Ä°kinci veritabanÄ±na baÄŸlanÄ±ldÄ±.
[26-03-2025 08:20:21] [/mail/eposta_gonderme/img/bsd_soft%20(2).png] Ä°lk veritabanÄ±na baÄŸlanÄ±rken hata oluÅŸtu: SQLSTATE[HY000] [2002] No such file or directory
[26-03-2025 08:20:21] [/mail/eposta_gonderme/img/bsd_soft%20(2).png] Ä°kinci veritabanÄ±na baÄŸlanÄ±ldÄ±.
[26-03-2025 08:20:27] [/mail/eposta_gonderme/auth/profil_islemleri/profile.php] Ä°lk veritabanÄ±na baÄŸlanÄ±rken hata oluÅŸtu: SQLSTATE[HY000] [2002] No such file or directory
[26-03-2025 08:20:27] [/mail/eposta_gonderme/auth/profil_islemleri/profile.php] Ä°kinci veritabanÄ±na baÄŸlanÄ±ldÄ±.
[26-03-2025 08:20:27] [/mail/eposta_gonderme/auth/profil_islemleri/img/bsd_logo.png] Ä°lk veritabanÄ±na baÄŸlanÄ±rken hata oluÅŸtu: SQLSTATE[HY000] [2002] No such file or directory
[26-03-2025 08:20:27] [/mail/eposta_gonderme/auth/profil_islemleri/img/bsd_logo.png] Ä°kinci veritabanÄ±na baÄŸlanÄ±ldÄ±.
[26-03-2025 08:20:29] [/mail/eposta_gonderme/auth/profil_islemleri/img/bsd_soft%20(2).png] Ä°lk veritabanÄ±na baÄŸlanÄ±rken hata oluÅŸtu: SQLSTATE[HY000] [2002] No such file or directory
[26-03-2025 08:20:29] [/mail/eposta_gonderme/auth/profil_islemleri/img/bsd_soft%20(2).png] Ä°kinci veritabanÄ±na baÄŸlanÄ±ldÄ±.
[26-03-2025 08:20:38] [/mail/eposta_gonderme/auth/profil_islemleri/auth/ayar_islemleri/guvenlik.php] Ä°lk veritabanÄ±na baÄŸlanÄ±rken hata oluÅŸtu: SQLSTATE[HY000] [2002] No such file or directory
[26-03-2025 08:20:38] [/mail/eposta_gonderme/auth/profil_islemleri/auth/ayar_islemleri/guvenlik.php] Ä°kinci veritabanÄ±na baÄŸlanÄ±ldÄ±.
[26-03-2025 08:20:38] [/mail/eposta_gonderme/auth/profil_islemleri/auth/ayar_islemleri/img/bsd_logo.png] Ä°lk veritabanÄ±na baÄŸlanÄ±rken hata oluÅŸtu: SQLSTATE[HY000] [2002] No such file or directory
[26-03-2025 08:20:38] [/mail/eposta_gonderme/auth/profil_islemleri/auth/ayar_islemleri/img/bsd_logo.png] Ä°kinci veritabanÄ±na baÄŸlanÄ±ldÄ±.
[26-03-2025 08:20:39] [/mail/eposta_gonderme/auth/profil_islemleri/auth/ayar_islemleri/img/bsd_soft%20(2).png] Ä°lk veritabanÄ±na baÄŸlanÄ±rken hata oluÅŸtu: SQLSTATE[HY000] [2002] No such file or directory
[26-03-2025 08:20:39] [/mail/eposta_gonderme/auth/profil_islemleri/auth/ayar_islemleri/img/bsd_soft%20(2).png] Ä°kinci veritabanÄ±na baÄŸlanÄ±ldÄ±.
[26-03-2025 08:20:42] [/mail/eposta_gonderme/auth/auth/ayar_islemleri/profil_duzenle.php] Ä°lk veritabanÄ±na baÄŸlanÄ±rken hata oluÅŸtu: SQLSTATE[HY000] [2002] No such file or directory
[26-03-2025 08:20:42] [/mail/eposta_gonderme/auth/auth/ayar_islemleri/profil_duzenle.php] Ä°kinci veritabanÄ±na baÄŸlanÄ±ldÄ±.
[26-03-2025 08:20:42] [/mail/eposta_gonderme/auth/auth/ayar_islemleri/img/bsd_logo.png] Ä°lk veritabanÄ±na baÄŸlanÄ±rken hata oluÅŸtu: SQLSTATE[HY000] [2002] No such file or directory
[26-03-2025 08:20:42] [/mail/eposta_gonderme/auth/auth/ayar_islemleri/img/bsd_logo.png] Ä°kinci veritabanÄ±na baÄŸlanÄ±ldÄ±.
[26-03-2025 08:20:42] [/mail/eposta_gonderme/auth/auth/ayar_islemleri/img/bsd_soft%20(2).png] Ä°lk veritabanÄ±na baÄŸlanÄ±rken hata oluÅŸtu: SQLSTATE[HY000] [2002] No such file or directory
[26-03-2025 08:20:42] [/mail/eposta_gonderme/auth/auth/ayar_islemleri/img/bsd_soft%20(2).png] Ä°kinci veritabanÄ±na baÄŸlanÄ±ldÄ±.
[26-03-2025 08:20:45] [/mail/eposta_gonderme/auth/ayar_islemleri/hesap_yonetimi.php] Ä°lk veritabanÄ±na baÄŸlanÄ±rken hata oluÅŸtu: SQLSTATE[HY000] [2002] No such file or directory
[26-03-2025 08:20:45] [/mail/eposta_gonderme/auth/ayar_islemleri/hesap_yonetimi.php] Ä°kinci veritabanÄ±na baÄŸlanÄ±ldÄ±.
[26-03-2025 08:20:45] [/mail/eposta_gonderme/auth/ayar_islemleri/img/bsd_logo.png] Ä°lk veritabanÄ±na baÄŸlanÄ±rken hata oluÅŸtu: SQLSTATE[HY000] [2002] No such file or directory
[26-03-2025 08:20:45] [/mail/eposta_gonderme/auth/ayar_islemleri/img/bsd_logo.png] Ä°kinci veritabanÄ±na baÄŸlanÄ±ldÄ±.
[26-03-2025 08:20:45] [/mail/eposta_gonderme/auth/ayar_islemleri/img/bsd_soft%20(2).png] Ä°lk veritabanÄ±na baÄŸlanÄ±rken hata oluÅŸtu: SQLSTATE[HY000] [2002] No such file or directory
[26-03-2025 08:20:45] [/mail/eposta_gonderme/auth/ayar_islemleri/img/bsd_soft%20(2).png] Ä°kinci veritabanÄ±na baÄŸlanÄ±ldÄ±.
[26-03-2025 08:20:48] [/mail/panel/erkekpanel/erkekpanel.php] Ä°lk veritabanÄ±na baÄŸlanÄ±rken hata oluÅŸtu: SQLSTATE[HY000] [2002] No such file or directory
[26-03-2025 08:20:48] [/mail/panel/erkekpanel/erkekpanel.php] Ä°kinci veritabanÄ±na baÄŸlanÄ±ldÄ±.
[26-03-2025 08:20:48] [/mail/panel/erkekpanel/img/bsd_logo.png] Ä°lk veritabanÄ±na baÄŸlanÄ±rken hata oluÅŸtu: SQLSTATE[HY000] [2002] No such file or directory
[26-03-2025 08:20:48] [/mail/panel/erkekpanel/img/bsd_logo.png] Ä°kinci veritabanÄ±na baÄŸlanÄ±ldÄ±.
[26-03-2025 08:20:49] [/mail/panel/erkekpanel/img/bsd_soft%20(2).png] Ä°lk veritabanÄ±na baÄŸlanÄ±rken hata oluÅŸtu: SQLSTATE[HY000] [2002] No such file or directory
[26-03-2025 08:20:49] [/mail/panel/erkekpanel/img/bsd_soft%20(2).png] Ä°kinci veritabanÄ±na baÄŸlanÄ±ldÄ±.
[26-03-2025 08:20:54] [/mail/panel/index.php] Ä°lk veritabanÄ±na baÄŸlanÄ±rken hata oluÅŸtu: SQLSTATE[HY000] [2002] No such file or directory
[26-03-2025 08:20:54] [/mail/panel/index.php] Ä°kinci veritabanÄ±na baÄŸlanÄ±ldÄ±.
[26-03-2025 08:20:54] [/mail/panel/img/bsd_logo.png] Ä°lk veritabanÄ±na baÄŸlanÄ±rken hata oluÅŸtu: SQLSTATE[HY000] [2002] No such file or directory
[26-03-2025 08:20:54] [/mail/panel/img/bsd_logo.png] Ä°kinci veritabanÄ±na baÄŸlanÄ±ldÄ±.
[26-03-2025 08:20:54] [/mail/panel/img/bsd_soft%20(2).png] Ä°lk veritabanÄ±na baÄŸlanÄ±rken hata oluÅŸtu: SQLSTATE[HY000] [2002] No such file or directory
[26-03-2025 08:20:54] [/mail/panel/img/bsd_soft%20(2).png] Ä°kinci veritabanÄ±na baÄŸlanÄ±ldÄ±.
[26-03-2025 08:20:55] [/mail/index.php] Ä°lk veritabanÄ±na baÄŸlanÄ±rken hata oluÅŸtu: SQLSTATE[HY000] [2002] No such file or directory
[26-03-2025 08:20:55] [/mail/index.php] Ä°kinci veritabanÄ±na baÄŸlanÄ±ldÄ±.
[26-03-2025 08:20:55] [/mail/img/bsd_logo.png] Ä°lk veritabanÄ±na baÄŸlanÄ±rken hata oluÅŸtu: SQLSTATE[HY000] [2002] No such file or directory
[26-03-2025 08:20:55] [/mail/img/bsd_logo.png] Ä°kinci veritabanÄ±na baÄŸlanÄ±ldÄ±.
[26-03-2025 08:20:55] [/mail/img/bsd_soft%20(2).png] Ä°lk veritabanÄ±na baÄŸlanÄ±rken hata oluÅŸtu: SQLSTATE[HY000] [2002] No such file or directory
[26-03-2025 08:20:55] [/mail/img/bsd_soft%20(2).png] Ä°kinci veritabanÄ±na baÄŸlanÄ±ldÄ±.
[26-03-2025 08:21:00] [/panel/kurucupanel/img/bsd_logo.png] Ä°lk veritabanÄ±na baÄŸlanÄ±rken hata oluÅŸtu: SQLSTATE[HY000] [2002] No such file or directory
[26-03-2025 08:21:00] [/panel/kurucupanel/img/bsd_logo.png] Ä°kinci veritabanÄ±na baÄŸlanÄ±ldÄ±.
[26-03-2025 08:21:00] [/panel/kurucupanel/img/bsd_soft%20(2).png] Ä°lk veritabanÄ±na baÄŸlanÄ±rken hata oluÅŸtu: SQLSTATE[HY000] [2002] No such file or directory
[26-03-2025 08:21:00] [/panel/kurucupanel/img/bsd_soft%20(2).png] Ä°kinci veritabanÄ±na baÄŸlanÄ±ldÄ±.
[26-03-2025 08:21:02] [/modules/modules.php] Ä°lk veritabanÄ±na baÄŸlanÄ±rken hata oluÅŸtu: SQLSTATE[HY000] [2002] No such file or directory
[26-03-2025 08:21:02] [/modules/modules.php] Ä°kinci veritabanÄ±na baÄŸlanÄ±ldÄ±.
[26-03-2025 08:21:02] [/modules/img/bsd_logo.png] Ä°lk veritabanÄ±na baÄŸlanÄ±rken hata oluÅŸtu: SQLSTATE[HY000] [2002] No such file or directory
[26-03-2025 08:21:02] [/modules/img/bsd_logo.png] Ä°kinci veritabanÄ±na baÄŸlanÄ±ldÄ±.
[26-03-2025 08:21:02] [/modules/img/bsd_soft%20(2).png] Ä°lk veritabanÄ±na baÄŸlanÄ±rken hata oluÅŸtu: SQLSTATE[HY000] [2002] No such file or directory
[26-03-2025 08:21:02] [/modules/img/bsd_soft%20(2).png] Ä°kinci veritabanÄ±na baÄŸlanÄ±ldÄ±.
[26-03-2025 08:21:03] [/modules/data/data.php] Ä°lk veritabanÄ±na baÄŸlanÄ±rken hata oluÅŸtu: SQLSTATE[HY000] [2002] No such file or directory
[26-03-2025 08:21:03] [/modules/data/data.php] Ä°kinci veritabanÄ±na baÄŸlanÄ±ldÄ±.
[26-03-2025 08:21:03] [/modules/data/img/bsd_logo.png] Ä°lk veritabanÄ±na baÄŸlanÄ±rken hata oluÅŸtu: SQLSTATE[HY000] [2002] No such file or directory
[26-03-2025 08:21:03] [/modules/data/img/bsd_logo.png] Ä°kinci veritabanÄ±na baÄŸlanÄ±ldÄ±.
[26-03-2025 08:21:04] [/modules/data/img/bsd_soft%20(2).png] Ä°lk veritabanÄ±na baÄŸlanÄ±rken hata oluÅŸtu: SQLSTATE[HY000] [2002] No such file or directory
[26-03-2025 08:21:04] [/modules/data/img/bsd_soft%20(2).png] Ä°kinci veritabanÄ±na baÄŸlanÄ±ldÄ±.
[26-03-2025 08:21:04] [/modules/data/liste.php] Ä°lk veritabanÄ±na baÄŸlanÄ±rken hata oluÅŸtu: SQLSTATE[HY000] [2002] No such file or directory
[26-03-2025 08:21:04] [/modules/data/liste.php] Ä°kinci veritabanÄ±na baÄŸlanÄ±ldÄ±.
[26-03-2025 08:21:07] [/modules/data/liste.php?adi=%2Faccess_log] Ä°lk veritabanÄ±na baÄŸlanÄ±rken hata oluÅŸtu: SQLSTATE[HY000] [2002] No such file or directory
[26-03-2025 08:21:07] [/modules/data/liste.php?adi=%2Faccess_log] Ä°kinci veritabanÄ±na baÄŸlanÄ±ldÄ±.
[08-04-2025 06:38:59] [/panel/adminpanel/img/bsd_logo.png] Ä°lk veritabanÄ±na baÄŸlanÄ±rken hata oluÅŸtu: SQLSTATE[HY000] [2002] No such file or directory
[08-04-2025 06:38:59] [/panel/adminpanel/img/bsd_logo.png] Ä°kinci veritabanÄ±na baÄŸlanÄ±ldÄ±.
[08-04-2025 06:38:59] [/panel/adminpanel/img/bsd_soft%20(2).png] Ä°lk veritabanÄ±na baÄŸlanÄ±rken hata oluÅŸtu: SQLSTATE[HY000] [2002] No such file or directory
[08-04-2025 06:38:59] [/panel/adminpanel/img/bsd_soft%20(2).png] Ä°kinci veritabanÄ±na baÄŸlanÄ±ldÄ±.
[08-04-2025 06:39:01] [/archive/archive.php] Ä°lk veritabanÄ±na baÄŸlanÄ±rken hata oluÅŸtu: SQLSTATE[HY000] [2002] No such file or directory
[08-04-2025 06:39:01] [/archive/archive.php] Ä°kinci veritabanÄ±na baÄŸlanÄ±ldÄ±.
[08-04-2025 06:39:01] [/archive/img/bsd_logo.png] Ä°lk veritabanÄ±na baÄŸlanÄ±rken hata oluÅŸtu: SQLSTATE[HY000] [2002] No such file or directory
[08-04-2025 06:39:01] [/archive/img/bsd_logo.png] Ä°kinci veritabanÄ±na baÄŸlanÄ±ldÄ±.
[08-04-2025 06:39:01] [/archive/img/bsd_soft%20(2).png] Ä°lk veritabanÄ±na baÄŸlanÄ±rken hata oluÅŸtu: SQLSTATE[HY000] [2002] No such file or directory
[08-04-2025 06:39:01] [/archive/img/bsd_soft%20(2).png] Ä°kinci veritabanÄ±na baÄŸlanÄ±ldÄ±.
[09-04-2025 19:32:36] [/tasks/tasks.php] Ä°lk veritabanÄ±na baÄŸlanÄ±rken hata oluÅŸtu: SQLSTATE[HY000] [2002] No such file or directory
[09-04-2025 19:32:36] [/tasks/tasks.php] Ä°kinci veritabanÄ±na baÄŸlanÄ±ldÄ±.
[09-04-2025 19:32:38] [/tasks/task/task1.php] Ä°lk veritabanÄ±na baÄŸlanÄ±rken hata oluÅŸtu: SQLSTATE[HY000] [2002] No such file or directory
[09-04-2025 19:32:38] [/tasks/task/task1.php] Ä°kinci veritabanÄ±na baÄŸlanÄ±ldÄ±.
[26-04-2025 06:05:18] [/index.php?i=2] Ä°lk veritabanÄ±na baÄŸlanÄ±rken hata oluÅŸtu: SQLSTATE[HY000] [2002] No such file or directory
[26-04-2025 06:05:18] [/index.php?i=2] Ä°kinci veritabanÄ±na baÄŸlanÄ±ldÄ±.
[02-06-2025 01:10:14] [/panel/kurucupanel/kurucupanel.php?i=1] Ä°lk veritabanÄ±na baÄŸlanÄ±rken hata oluÅŸtu: SQLSTATE[HY000] [2002] No such file or directory
[02-06-2025 01:10:14] [/panel/kurucupanel/kurucupanel.php?i=1] Ä°kinci veritabanÄ±na baÄŸlanÄ±ldÄ±.
[22-07-2025 18:50:56] [/] Ä°kinci veritabanÄ±na baÄŸlanÄ±rken hata oluÅŸtu: SQLSTATE[HY000] [2002] php_network_getaddresses: getaddrinfo for sql111.infinityfree.com failed: Bu, ana bilgisayar adı çözümlemesi sırasında genellikle geçici bir hatadır ve yerel sunucunun yetkili bir sunucudan yanıt alamadığını gösterir. 
[22-07-2025 18:50:57] [/img/bsd_soft%20(2).png] Ä°lk veritabanÄ±na baÄŸlanÄ±rken hata oluÅŸtu: SQLSTATE[HY000] [1049] Unknown database 'bsdev'
[22-07-2025 18:50:57] [/img/bsd_soft%20(2).png] Ä°kinci veritabanÄ±na baÄŸlanÄ±rken hata oluÅŸtu: SQLSTATE[HY000] [2002] php_network_getaddresses: getaddrinfo for sql111.infinityfree.com failed: Bu, ana bilgisayar adı çözümlemesi sırasında genellikle geçici bir hatadır ve yerel sunucunun yetkili bir sunucudan yanıt alamadığını gösterir. 
[22-07-2025 19:13:05] [/auth/giris_islemleri/giris.php] Ä°lk veritabanÄ±na baÄŸlanÄ±rken hata oluÅŸtu: SQLSTATE[HY000] [1049] Unknown database 'bsdev'
[22-07-2025 19:13:06] [/auth/giris_islemleri/giris.php] Ä°kinci veritabanÄ±na baÄŸlanÄ±rken hata oluÅŸtu: SQLSTATE[HY000] [2002] php_network_getaddresses: getaddrinfo for sql111.infinityfree.com failed: Bu, ana bilgisayar adı çözümlemesi sırasında genellikle geçici bir hatadır ve yerel sunucunun yetkili bir sunucudan yanıt alamadığını gösterir. 
[22-07-2025 20:24:37] [/auth/uyeislemleri/cikisyap.php] Ä°lk veritabanÄ±na baÄŸlanÄ±ldÄ±.
[22-07-2025 20:56:19] [/auth/profil_islemleri/auth/profil_islemleri/profile.php] Ä°lk veritabanÄ±na baÄŸlanÄ±ldÄ±.
[22-07-2025 21:28:20] [/auth/uyeislemleri/girisyap.php] Ä°lk veritabanÄ±na baÄŸlanÄ±ldÄ±.
[22-07-2025 22:35:25] [/private/private.php] Ä°lk veritabanÄ±na baÄŸlanÄ±rken hata oluÅŸtu: SQLSTATE[HY000] [2002] No such file or directory
[22-07-2025 22:35:25] [/private/private.php] Ä°kinci veritabanÄ±na baÄŸlanÄ±ldÄ±.
[22-07-2025 22:35:27] [/private/code//phpkodlari.php] Ä°lk veritabanÄ±na baÄŸlanÄ±rken hata oluÅŸtu: SQLSTATE[HY000] [2002] No such file or directory
[22-07-2025 22:35:27] [/private/code//phpkodlari.php] Ä°kinci veritabanÄ±na baÄŸlanÄ±ldÄ±.
[22-07-2025 22:35:27] [/private/assets/src/css/main.css] Ä°lk veritabanÄ±na baÄŸlanÄ±rken hata oluÅŸtu: SQLSTATE[HY000] [2002] No such file or directory
[22-07-2025 22:35:27] [/private/assets/src/css/main.css] Ä°kinci veritabanÄ±na baÄŸlanÄ±ldÄ±.
[22-07-2025 22:35:41] [/archive/archive_html/emmet.php] Ä°lk veritabanÄ±na baÄŸlanÄ±rken hata oluÅŸtu: SQLSTATE[HY000] [2002] No such file or directory
[22-07-2025 22:35:41] [/archive/archive_html/emmet.php] Ä°kinci veritabanÄ±na baÄŸlanÄ±ldÄ±.
[23-07-2025 17:16:49] [/modules/custom/custom.php] Ä°lk veritabanÄ±na baÄŸlanÄ±rken hata oluÅŸtu: SQLSTATE[HY000] [2002] No such file or directory
[23-07-2025 17:16:49] [/modules/custom/custom.php] Ä°kinci veritabanÄ±na baÄŸlanÄ±ldÄ±.
[23-07-2025 17:17:59] [/modules/data/liste.php?adi=%2Fgame] Ä°lk veritabanÄ±na baÄŸlanÄ±rken hata oluÅŸtu: SQLSTATE[HY000] [2002] No such file or directory
[23-07-2025 17:17:59] [/modules/data/liste.php?adi=%2Fgame] Ä°kinci veritabanÄ±na baÄŸlanÄ±ldÄ±.
[23-07-2025 17:18:01] [/modules/data/liste.php?adi=%2Fgame%2Flego_oyunu.php] Ä°lk veritabanÄ±na baÄŸlanÄ±rken hata oluÅŸtu: SQLSTATE[HY000] [2002] No such file or directory
[23-07-2025 17:18:01] [/modules/data/liste.php?adi=%2Fgame%2Flego_oyunu.php] Ä°kinci veritabanÄ±na baÄŸlanÄ±ldÄ±.
[23-07-2025 17:18:14] [/modules/custom/olustur.php] Ä°lk veritabanÄ±na baÄŸlanÄ±rken hata oluÅŸtu: SQLSTATE[HY000] [2002] No such file or directory
[23-07-2025 17:18:14] [/modules/custom/olustur.php] Ä°kinci veritabanÄ±na baÄŸlanÄ±ldÄ±.
[24-07-2025 00:18:22] [/modules/custom/inckaldir.php] Ä°lk veritabanÄ±na baÄŸlanÄ±rken hata oluÅŸtu: SQLSTATE[HY000] [2002] No such file or directory
[24-07-2025 00:18:22] [/modules/custom/inckaldir.php] Ä°kinci veritabanÄ±na baÄŸlanÄ±ldÄ±.
[24-07-2025 00:18:27] [/modules/custom/inckaldir.php?i=1] Ä°lk veritabanÄ±na baÄŸlanÄ±rken hata oluÅŸtu: SQLSTATE[HY000] [2002] No such file or directory
[24-07-2025 00:18:27] [/modules/custom/inckaldir.php?i=1] Ä°kinci veritabanÄ±na baÄŸlanÄ±ldÄ±.
[24-07-2025 00:30:51] [/auth/auth.php] Ä°lk veritabanÄ±na baÄŸlanÄ±rken hata oluÅŸtu: SQLSTATE[HY000] [2002] No such file or directory
[24-07-2025 00:30:51] [/auth/auth.php] Ä°kinci veritabanÄ±na baÄŸlanÄ±ldÄ±.
[24-07-2025 00:30:53] [/auth/rol_islemleri/rol_listesi.php] Ä°lk veritabanÄ±na baÄŸlanÄ±rken hata oluÅŸtu: SQLSTATE[HY000] [2002] No such file or directory
[24-07-2025 00:30:53] [/auth/rol_islemleri/rol_listesi.php] Ä°kinci veritabanÄ±na baÄŸlanÄ±ldÄ±.
[24-07-2025 00:30:58] [/auth/kullanici_islemleri/pasif_kullan%C4%B1c%C4%B1_listesi.php] Ä°lk veritabanÄ±na baÄŸlanÄ±rken hata oluÅŸtu: SQLSTATE[HY000] [2002] No such file or directory
[24-07-2025 00:30:58] [/auth/kullanici_islemleri/pasif_kullan%C4%B1c%C4%B1_listesi.php] Ä°kinci veritabanÄ±na baÄŸlanÄ±ldÄ±.
[24-07-2025 00:31:01] [/auth/kullanici_islemleri/kullan%C4%B1c%C4%B1_durumu.php] Ä°lk veritabanÄ±na baÄŸlanÄ±rken hata oluÅŸtu: SQLSTATE[HY000] [2002] No such file or directory
[24-07-2025 00:31:01] [/auth/kullanici_islemleri/kullan%C4%B1c%C4%B1_durumu.php] Ä°kinci veritabanÄ±na baÄŸlanÄ±ldÄ±.
[24-07-2025 00:32:11] [/auth/preiumkullan%C4%B1c%C4%B1_islemleri/premium_kulllan%C4%B1c%C4%B1.php] Ä°lk veritabanÄ±na baÄŸlanÄ±rken hata oluÅŸtu: SQLSTATE[HY000] [2002] No such file or directory
[24-07-2025 00:32:11] [/auth/preiumkullan%C4%B1c%C4%B1_islemleri/premium_kulllan%C4%B1c%C4%B1.php] Ä°kinci veritabanÄ±na baÄŸlanÄ±ldÄ±.
[24-07-2025 00:32:20] [/auth/preiumkullan%C4%B1c%C4%B1_islemleri/premium_ol.php] Ä°lk veritabanÄ±na baÄŸlanÄ±rken hata oluÅŸtu: SQLSTATE[HY000] [2002] No such file or directory
[24-07-2025 00:32:20] [/auth/preiumkullan%C4%B1c%C4%B1_islemleri/premium_ol.php] Ä°kinci veritabanÄ±na baÄŸlanÄ±ldÄ±.
[24-07-2025 00:32:24] [/auth/kullanici_islemleri/kullan%C4%B1c%C4%B1_listesi.php] Ä°lk veritabanÄ±na baÄŸlanÄ±rken hata oluÅŸtu: SQLSTATE[HY000] [2002] No such file or directory
[24-07-2025 00:32:24] [/auth/kullanici_islemleri/kullan%C4%B1c%C4%B1_listesi.php] Ä°kinci veritabanÄ±na baÄŸlanÄ±ldÄ±.
[24-07-2025 00:32:47] [/auth/rol_islemleri/rol_durumu.php?id=2] Ä°lk veritabanÄ±na baÄŸlanÄ±rken hata oluÅŸtu: SQLSTATE[HY000] [2002] No such file or directory
[24-07-2025 00:32:47] [/auth/rol_islemleri/rol_durumu.php?id=2] Ä°kinci veritabanÄ±na baÄŸlanÄ±ldÄ±.
[24-07-2025 19:37:15] [/auth/rol_islemleri/rol_durumu.php?id=3] Ä°lk veritabanÄ±na baÄŸlanÄ±rken hata oluÅŸtu: SQLSTATE[HY000] [2002] No such file or directory
[24-07-2025 19:37:15] [/auth/rol_islemleri/rol_durumu.php?id=3] Ä°kinci veritabanÄ±na baÄŸlanÄ±ldÄ±.
[24-07-2025 19:37:25] [/auth/kullanici_islemleri/kullanici_banla.php?id=3] Ä°lk veritabanÄ±na baÄŸlanÄ±rken hata oluÅŸtu: SQLSTATE[HY000] [2002] No such file or directory
[24-07-2025 19:37:25] [/auth/kullanici_islemleri/kullanici_banla.php?id=3] Ä°kinci veritabanÄ±na baÄŸlanÄ±ldÄ±.
[24-07-2025 19:37:47] [/auth/kullanici_islemleri/kullanici_banla.php?id=6] Ä°lk veritabanÄ±na baÄŸlanÄ±rken hata oluÅŸtu: SQLSTATE[HY000] [2002] No such file or directory
[24-07-2025 19:37:47] [/auth/kullanici_islemleri/kullanici_banla.php?id=6] Ä°kinci veritabanÄ±na baÄŸlanÄ±ldÄ±.
[24-07-2025 13:05:47] [/modules/data/enbuyukenkucuk.php] Ä°lk veritabanÄ±na baÄŸlanÄ±rken hata oluÅŸtu: SQLSTATE[HY000] [2002] No such file or directory
[24-07-2025 13:05:47] [/modules/data/enbuyukenkucuk.php] Ä°kinci veritabanÄ±na baÄŸlanÄ±ldÄ±.
[24-07-2025 13:05:54] [/modules/data/olu%C5%9Fturulma.php] Ä°lk veritabanÄ±na baÄŸlanÄ±rken hata oluÅŸtu: SQLSTATE[HY000] [2002] No such file or directory
[24-07-2025 13:05:54] [/modules/data/olu%C5%9Fturulma.php] Ä°kinci veritabanÄ±na baÄŸlanÄ±ldÄ±.
[26-07-2025 14:35:55] [/mail/Sifre_Sifirla/sifre_sifirla.php] Ä°lk veritabanÄ±na baÄŸlanÄ±rken hata oluÅŸtu: SQLSTATE[HY000] [2002] No such file or directory
[26-07-2025 14:35:55] [/mail/Sifre_Sifirla/sifre_sifirla.php] Ä°kinci veritabanÄ±na baÄŸlanÄ±ldÄ±.
[02-08-2025 15:41:08] [/] Ä°lk veritabanÄ±na baÄŸlanÄ±rken hata oluÅŸtu: SQLSTATE[HY000] [1049] Unknown database 'bsddev'
[03-08-2025 16:41:49] [/auth/rol_islemleri/rol_durumu.php?id=2] Ä°lk veritabanÄ±na baÄŸlanÄ±ldÄ±.
[15-08-2025 23:44:50] [/forum/forum.php] Ä°lk veritabanÄ±na baÄŸlanÄ±ldÄ±.
[15-08-2025 23:47:32] [/blog/forum.php] Ä°lk veritabanÄ±na baÄŸlanÄ±ldÄ±.
[15-08-2025 23:47:33] [/forum/forum.css] Ä°lk veritabanÄ±na baÄŸlanÄ±ldÄ±.
[15-08-2025 23:47:36] [/forum/yeni_konu.php] Ä°lk veritabanÄ±na baÄŸlanÄ±ldÄ±.
[25-08-2025 11:49:56] [/game/yilan_oyunu.php] Ä°lk veritabanÄ±na baÄŸlanÄ±ldÄ±.
[25-08-2025 16:01:59] [/modules/data/liste.php?adi=.vscode] Ä°lk veritabanÄ±na baÄŸlanÄ±ldÄ±.
[25-08-2025 17:02:47] [/private/code//auth/cikis_islemleri/logout.php] Ä°lk veritabanÄ±na baÄŸlanÄ±ldÄ±.
[01-09-2025 19:22:06] [/img/bsd_soft.png] Ä°lk veritabanÄ±na baÄŸlanÄ±ldÄ±.
[09-10-2025 22:06:08] [/game/hafiza_oyunu.php] Ä°lk veritabanÄ±na baÄŸlanÄ±ldÄ±.
[27-10-2025 19:24:11] [/music/music.php] Ä°lk veritabanÄ±na baÄŸlanÄ±ldÄ±.
